<?xml version="1.0" encoding="UTF-8"?>
<testng-results ignored="0" total="1" passed="1" failed="0" skipped="0">
  <reporter-output>
  </reporter-output>
  <suite started-at="2023-04-25T07:16:53 IST" name="Default suite" finished-at="2023-04-25T07:16:53 IST" duration-ms="53">
    <groups>
    </groups>
    <test started-at="2023-04-25T07:16:53 IST" name="Default test" finished-at="2023-04-25T07:16:53 IST" duration-ms="53">
      <class name="week1.ArrayTrim">
        <test-method signature="TC1()[pri:0, instance:week1.ArrayTrim@37858383]" started-at="2023-04-25T07:16:53 IST" name="TC1" finished-at="2023-04-25T07:16:53 IST" duration-ms="11" status="PASS">
          <reporter-output>
          </reporter-output>
        </test-method> <!-- TC1 -->
      </class> <!-- week1.ArrayTrim -->
    </test> <!-- Default test -->
  </suite> <!-- Default suite -->
</testng-results>
